<?xml version="1.0" encoding="UTF-8"?>
<coverage generated="1678267578141" clover="3.2.0">
  <project timestamp="1678267578141" name="All files">
    <metrics statements="13" coveredstatements="12" conditionals="6" coveredconditionals="6" methods="5" coveredmethods="4" elements="24" coveredelements="22" complexity="0" loc="13" ncloc="13" packages="1" files="1" classes="1"/>
    <file name="HelloWorld.vue" path="C:\Users\ShivaniKuntumalla\Documents\office\app-test\src\components\HelloWorld.vue">
      <metrics statements="13" coveredstatements="12" conditionals="6" coveredconditionals="6" methods="5" coveredmethods="4"/>
      <line num="4" count="1" type="stmt"/>
      <line num="7" count="1" type="stmt"/>
      <line num="8" count="1" type="stmt"/>
      <line num="11" count="2" type="stmt"/>
      <line num="18" count="2" type="stmt"/>
      <line num="24" count="1" type="stmt"/>
      <line num="26" count="1" type="stmt"/>
      <line num="29" count="1" type="stmt"/>
      <line num="30" count="1" type="stmt"/>
      <line num="32" count="4" type="stmt"/>
      <line num="33" count="0" type="cond" truecount="2" falsecount="0"/>
      <line num="36" count="2" type="cond" truecount="2" falsecount="0"/>
      <line num="39" count="1" type="stmt"/>
    </file>
  </project>
</coverage>
