{"C:\\Users\\ShivaniKuntumalla\\Documents\\office\\app-test\\src\\components\\HelloWorld.vue": {"path":"C:\\Users\\ShivaniKuntumalla\\Documents\\office\\app-test\\src\\components\\HelloWorld.vue","statementMap":{"0":{"start":{"line":4,"column":0},"end":{"line":6,"column":3}},"1":{"start":{"line":7,"column":0},"end":{"line":7,"column":25}},"2":{"start":{"line":8,"column":15},"end":{"line":21,"column":1}},"3":{"start":{"line":11,"column":4},"end":{"line":14,"column":6}},"4":{"start":{"line":18,"column":6},"end":{"line":18,"column":42}},"5":{"start":{"line":24,"column":0},"end":{"line":24,"column":13}},"6":{"start":{"line":26,"column":0},"end":{"line":28,"column":3}},"7":{"start":{"line":29,"column":0},"end":{"line":29,"column":24}},"8":{"start":{"line":30,"column":11},"end":{"line":30,"column":25}},"9":{"start":{"line":32,"column":2},"end":{"line":38,"column":119}},"10":{"start":{"line":33,"column":63},"end":{"line":33,"column":81}},"11":{"start":{"line":36,"column":6},"end":{"line":36,"column":60}},"12":{"start":{"line":39,"column":2},"end":{"line":39,"column":49}}},"fnMap":{"0":{"name":"(anonymous_0)","decl":{"start":{"line":10,"column":2},"end":{"line":10,"column":3}},"loc":{"start":{"line":10,"column":9},"end":{"line":15,"column":3}},"line":10},"1":{"name":"(anonymous_1)","decl":{"start":{"line":17,"column":4},"end":{"line":17,"column":5}},"loc":{"start":{"line":17,"column":16},"end":{"line":19,"column":5}},"line":17},"2":{"name":"render","decl":{"start":{"line":31,"column":9},"end":{"line":31,"column":15}},"loc":{"start":{"line":31,"column":30},"end":{"line":39,"column":1}},"line":31},"3":{"name":"(anonymous_3)","decl":{"start":{"line":33,"column":53},"end":{"line":33,"column":54}},"loc":{"start":{"line":33,"column":63},"end":{"line":33,"column":81}},"line":33},"4":{"name":"(anonymous_4)","decl":{"start":{"line":35,"column":39},"end":{"line":35,"column":40}},"loc":{"start":{"line":35,"column":51},"end":{"line":37,"column":5}},"line":35}},"branchMap":{"0":{"loc":{"start":{"line":33,"column":27},"end":{"line":33,"column":82}},"type":"binary-expr","locations":[{"start":{"line":33,"column":27},"end":{"line":33,"column":36}},{"start":{"line":33,"column":41},"end":{"line":33,"column":81}}],"line":33},"1":{"loc":{"start":{"line":35,"column":13},"end":{"line":37,"column":6}},"type":"binary-expr","locations":[{"start":{"line":35,"column":13},"end":{"line":35,"column":22}},{"start":{"line":35,"column":27},"end":{"line":37,"column":5}}],"line":35},"2":{"loc":{"start":{"line":36,"column":13},"end":{"line":36,"column":59}},"type":"binary-expr","locations":[{"start":{"line":36,"column":13},"end":{"line":36,"column":27}},{"start":{"line":36,"column":31},"end":{"line":36,"column":59}}],"line":36}},"s":{"0":1,"1":1,"2":1,"3":2,"4":2,"5":1,"6":1,"7":1,"8":1,"9":4,"10":0,"11":2,"12":1},"f":{"0":2,"1":2,"2":4,"3":0,"4":2},"b":{"0":[4,2],"1":[4,2],"2":[2,2]},"inputSourceMap":{"0":"{","1":"\"","2":"v","3":"e","4":"r","5":"s","6":"i","7":"o","8":"n","9":"\"","10":":","11":"3","12":",","13":"\"","14":"s","15":"o","16":"u","17":"r","18":"c","19":"e","20":"s","21":"\"","22":":","23":"[","24":"\"","25":"C","26":":","27":"\\","28":"\\","29":"U","30":"s","31":"e","32":"r","33":"s","34":"\\","35":"\\","36":"S","37":"h","38":"i","39":"v","40":"a","41":"n","42":"i","43":"K","44":"u","45":"n","46":"t","47":"u","48":"m","49":"a","50":"l","51":"l","52":"a","53":"\\","54":"\\","55":"D","56":"o","57":"c","58":"u","59":"m","60":"e","61":"n","62":"t","63":"s","64":"\\","65":"\\","66":"o","67":"f","68":"f","69":"i","70":"c","71":"e","72":"\\","73":"\\","74":"a","75":"p","76":"p","77":"-","78":"t","79":"e","80":"s","81":"t","82":"\\","83":"\\","84":"s","85":"r","86":"c","87":"\\","88":"\\","89":"c","90":"o","91":"m","92":"p","93":"o","94":"n","95":"e","96":"n","97":"t","98":"s","99":"\\","100":"\\","101":"H","102":"e","103":"l","104":"l","105":"o","106":"W","107":"o","108":"r","109":"l","110":"d","111":".","112":"v","113":"u","114":"e","115":"\"","116":"]","117":",","118":"\"","119":"n","120":"a","121":"m","122":"e","123":"s","124":"\"","125":":","126":"[","127":"]","128":",","129":"\"","130":"m","131":"a","132":"p","133":"p","134":"i","135":"n","136":"g","137":"s","138":"\"","139":":","140":"\"","141":";","142":";","143":";","144":";","145":";","146":";","147":";","148":"e","149":"A","150":"S","151":"e","152":";","153":"E","154":"A","155":"C","156":"b","157":",","158":"I","159":"A","160":"A","161":"I","162":",","163":"E","164":"A","165":"A","166":"E","167":",","168":"Y","169":"A","170":"A","171":"Y","172":";","173":"E","174":"A","175":"C","176":"l","177":"B","178":",","179":"I","180":"A","181":"A","182":"I","183":",","184":"G","185":"A","186":"A","187":"G","188":";","189":"I","190":"A","191":"C","192":"L","193":",","194":"O","195":"A","196":"A","197":"O","198":";","199":"M","200":"A","201":"C","202":"L","203":",","204":"I","205":"A","206":"A","207":"I","208":",","209":"E","210":"A","211":"A","212":"E","213":",","214":"E","215":"A","216":"A","217":"E","218":";","219":"M","220":"A","221":"C","222":"R","223":",","224":"O","225":"A","226":"A","227":"O","228":",","229":"E","230":"A","231":"A","232":"E","233":";","234":"I","235":"A","236":"C","237":"X","238":",","239":"C","240":"A","241":"A","242":"C","243":";","244":"E","245":"A","246":"C","247":"H","248":",","249":"C","250":"A","251":"A","252":"C","253":";","254":"E","255":"A","256":"C","257":"D","258":",","259":"O","260":"A","261":"A","262":"O","263":",","264":"E","265":"A","266":"A","267":"E","268":";","269":"I","270":"A","271":"C","272":"P","273":",","274":"S","275":"A","276":"A","277":"S","278":",","279":"G","280":"A","281":"A","282":"G","283":";","284":"M","285":"A","286":"C","287":"V","288":",","289":"I","290":"A","291":"A","292":"I","293":",","294":"C","295":"A","296":"A","297":"C","298":",","299":"O","300":"A","301":"A","302":"O","303":",","304":"G","305":"A","306":"A","307":"I","308":",","309":"S","310":"A","311":"A","312":"Q","313":",","314":"I","315":"A","316":"A","317":"I","318":",","319":"C","320":"A","321":"A","322":"C","323":",","324":"I","325":"A","326":"A","327":"K","328":",","329":"E","330":"A","331":"A","332":"C","333":";","334":"I","335":"A","336":"C","337":"r","338":"C","339":";","340":"E","341":"A","342":"C","343":"F","344":";","345":"A","346":"A","347":"C","348":"F","349":",","350":"C","351":"A","352":"A","353":"C","354":";","355":"A","356":"A","357":"A","358":"A","359":";","360":"A","361":"A","362":"A","363":"A","364":"\"","365":",","366":"\"","367":"f","368":"i","369":"l","370":"e","371":"\"","372":":","373":"\"","374":"C","375":":","376":"\\","377":"\\","378":"U","379":"s","380":"e","381":"r","382":"s","383":"\\","384":"\\","385":"S","386":"h","387":"i","388":"v","389":"a","390":"n","391":"i","392":"K","393":"u","394":"n","395":"t","396":"u","397":"m","398":"a","399":"l","400":"l","401":"a","402":"\\","403":"\\","404":"D","405":"o","406":"c","407":"u","408":"m","409":"e","410":"n","411":"t","412":"s","413":"\\","414":"\\","415":"o","416":"f","417":"f","418":"i","419":"c","420":"e","421":"\\","422":"\\","423":"a","424":"p","425":"p","426":"-","427":"t","428":"e","429":"s","430":"t","431":"\\","432":"\\","433":"s","434":"r","435":"c","436":"\\","437":"\\","438":"c","439":"o","440":"m","441":"p","442":"o","443":"n","444":"e","445":"n","446":"t","447":"s","448":"\\","449":"\\","450":"H","451":"e","452":"l","453":"l","454":"o","455":"W","456":"o","457":"r","458":"l","459":"d","460":".","461":"v","462":"u","463":"e","464":"\"","465":",","466":"\"","467":"s","468":"o","469":"u","470":"r","471":"c","472":"e","473":"s","474":"C","475":"o","476":"n","477":"t","478":"e","479":"n","480":"t","481":"\"","482":":","483":"[","484":"\"","485":"<","486":"t","487":"e","488":"m","489":"p","490":"l","491":"a","492":"t","493":"e","494":">","495":"\\","496":"n","497":" ","498":" ","499":"<","500":"d","501":"i","502":"v","503":">","504":"\\","505":"n","506":" ","507":" ","508":" ","509":" ","510":"<","511":"i","512":"n","513":"p","514":"u","515":"t","516":" ","517":"v","518":"-","519":"m","520":"o","521":"d","522":"e","523":"l","524":"=","525":"\\","526":"\"","527":"n","528":"a","529":"m","530":"e","531":"\\","532":"\"","533":" ","534":"/","535":">","536":"\\","537":"n","538":" ","539":" ","540":" ","541":" ","542":"<","543":"b","544":"u","545":"t","546":"t","547":"o","548":"n","549":" ","550":"@","551":"c","552":"l","553":"i","554":"c","555":"k","556":"=","557":"\\","558":"\"","559":"f","560":"o","561":"r","562":"m","563":"a","564":"t","565":"M","566":"s","567":"g","568":"\\","569":"\"","570":">","571":"S","572":"h","573":"o","574":"w","575":" ","576":"m","577":"e","578":"s","579":"s","580":"a","581":"g","582":"e","583":"<","584":"/","585":"b","586":"u","587":"t","588":"t","589":"o","590":"n","591":">","592":"\\","593":"n","594":" ","595":" ","596":" ","597":" ","598":"<","599":"p","600":">","601":"{","602":"{","603":"m","604":"e","605":"s","606":"s","607":"a","608":"g","609":"e","610":"}","611":"}","612":"<","613":"/","614":"p","615":">","616":"\\","617":"n","618":" ","619":" ","620":"<","621":"/","622":"d","623":"i","624":"v","625":">","626":"\\","627":"n","628":"<","629":"/","630":"t","631":"e","632":"m","633":"p","634":"l","635":"a","636":"t","637":"e","638":">","639":"\\","640":"n","641":"\\","642":"n","643":"<","644":"s","645":"c","646":"r","647":"i","648":"p","649":"t","650":">","651":"\\","652":"n","653":"e","654":"x","655":"p","656":"o","657":"r","658":"t","659":" ","660":"d","661":"e","662":"f","663":"a","664":"u","665":"l","666":"t","667":" ","668":"{","669":"\\","670":"n","671":" ","672":" ","673":"n","674":"a","675":"m","676":"e","677":":","678":" ","679":"\\","680":"\"","681":"H","682":"e","683":"l","684":"l","685":"o","686":"W","687":"o","688":"r","689":"l","690":"d","691":"\\","692":"\"","693":",","694":"\\","695":"n","696":" ","697":" ","698":"d","699":"a","700":"t","701":"a","702":"(","703":")","704":" ","705":"{","706":"\\","707":"n","708":" ","709":" ","710":" ","711":" ","712":"r","713":"e","714":"t","715":"u","716":"r","717":"n","718":" ","719":"{","720":"\\","721":"n","722":" ","723":" ","724":" ","725":" ","726":" ","727":" ","728":"n","729":"a","730":"m","731":"e","732":":","733":" ","734":"\\","735":"\"","736":"\\","737":"\"","738":",","739":"\\","740":"n","741":" ","742":" ","743":" ","744":" ","745":" ","746":" ","747":"m","748":"e","749":"s","750":"s","751":"a","752":"g","753":"e","754":":","755":" ","756":"\\","757":"\"","758":"\\","759":"\"","760":"\\","761":"n","762":" ","763":" ","764":" ","765":" ","766":"}","767":";","768":"\\","769":"n","770":" ","771":" ","772":"}","773":",","774":"\\","775":"n","776":" ","777":" ","778":"m","779":"e","780":"t","781":"h","782":"o","783":"d","784":"s","785":":","786":" ","787":"{","788":"\\","789":"n","790":" ","791":" ","792":" ","793":" ","794":"f","795":"o","796":"r","797":"m","798":"a","799":"t","800":"M","801":"s","802":"g","803":"(","804":")","805":" ","806":"{","807":"\\","808":"n","809":" ","810":" ","811":" ","812":" ","813":" ","814":" ","815":"t","816":"h","817":"i","818":"s","819":".","820":"m","821":"e","822":"s","823":"s","824":"a","825":"g","826":"e","827":" ","828":"=","829":" ","830":"`","831":"H","832":"e","833":"l","834":"l","835":"o","836":" ","837":"$","838":"{","839":"t","840":"h","841":"i","842":"s","843":".","844":"n","845":"a","846":"m","847":"e","848":"}","849":"`","850":";","851":"\\","852":"n","853":" ","854":" ","855":" ","856":" ","857":"}","858":",","859":"\\","860":"n","861":" ","862":" ","863":"}","864":",","865":"\\","866":"n","867":"}","868":";","869":"\\","870":"n","871":"<","872":"/","873":"s","874":"c","875":"r","876":"i","877":"p","878":"t","879":">","880":"\"","881":"]","882":"}"},"_coverageSchema":"1a1c01bbd47fc00a2c39e90264f33305004495a9","hash":"36c3282db8b968179e97ec31d06d96e3a6f5c878"}
}
